<?xml version="1.0" encoding="UTF-8"?>
<!-- Generated by org.testng.reporters.JUnitReportReporter -->
<testsuite hostname="ARATHOD-NB" failures="0" tests="1" name="Test.Selenium.test.TestLogin1" time="0.202" errors="0" timestamp="2022-09-15T16:59:08 CEST" skipped="0">
  <testcase classname="Test.Selenium.test.TestLogin1" name="checkReporting12" time="0.202"/>
  <system-out/>
</testsuite> <!-- Test.Selenium.test.TestLogin1 -->
