<?xml version="1.0" encoding="UTF-8"?>
<!-- Generated by org.testng.reporters.JUnitReportReporter -->
<testsuite skipped="0" hostname="ARATHOD-NB" name="Test.Selenium.test.TestLogin1" tests="1" failures="0" timestamp="2022-09-15T16:31:32 CEST" time="0.070" errors="0">
  <testcase name="checkReporting12" time="0.070" classname="Test.Selenium.test.TestLogin1"/>
  <system-out/>
</testsuite> <!-- Test.Selenium.test.TestLogin1 -->
